<?xml version="1.0" encoding="UTF-8"?>
<testsuite xmlns:xsi="http://www.w3.org/2001/XMLSchema-instance" xsi:noNamespaceSchemaLocation="https://maven.apache.org/surefire/maven-surefire-plugin/xsd/surefire-test-report.xsd" version="3.0.2" name="com.kiosk.KioskApplicationTests" time="5.844" tests="1" errors="0" skipped="0" failures="0">
  <properties>
[...]
</properties>
  <testcase name="contextLoads" classname="com.kiosk.KioskApplicationTests" time="0.666">
    <system-out><![CDATA[16:59:53.214 [main] INFO org.springframework.test.context.support.AnnotationConfigContextLoaderUtils -- Could not detect default configuration classes for test class [com.kiosk.KioskApplicationTests]: KioskApplicationTests does not declare any static, non-private, non-final, nested classes annotated with @Configuration.
16:59:53.355 [main] INFO org.springframework.boot.test.context.SpringBootTestContextBootstrapper -- Found @SpringBootConfiguration com.kiosk.KioskApplication for test class com.kiosk.KioskApplicationTests

  .   ____          _            __ _ _
 /\\ / ___'_ __ _ _(_)_ __  __ _ \ \ \ \
( ( )\___ | '_ | '_| | '_ \/ _` | \ \ \ \
 \\/  ___)| |_)| | | | | || (_| |  ) ) ) )
  '  |____| .__|_| |_|_| |_\__, | / / / /
 =========|_|==============|___/=/_/_/_/

 :: Spring Boot ::                (v3.4.4)

2025-04-21T16:59:53.954+09:00  INFO 1552 --- [kiosk] [           main] com.kiosk.KioskApplicationTests          : Starting KioskApplicationTests using Java 17.0.12 with PID 1552 (started by admin in C:\ksy\sts4-workspace\kiosk_admin_api)
2025-04-21T16:59:53.957+09:00  INFO 1552 --- [kiosk] [           main] com.kiosk.KioskApplicationTests          : No active profile set, falling back to 1 default profile: "default"
2025-04-21T16:59:54.845+09:00  INFO 1552 --- [kiosk] [           main] .s.d.r.c.RepositoryConfigurationDelegate : Bootstrapping Spring Data JPA repositories in DEFAULT mode.
2025-04-21T16:59:54.891+09:00  INFO 1552 --- [kiosk] [           main] .s.d.r.c.RepositoryConfigurationDelegate : Finished Spring Data repository scanning in 31 ms. Found 0 JPA repository interfaces.
2025-04-21T16:59:55.417+09:00  INFO 1552 --- [kiosk] [           main] com.zaxxer.hikari.HikariDataSource       : HikariPool-1 - Starting...
2025-04-21T16:59:55.828+09:00  INFO 1552 --- [kiosk] [           main] com.zaxxer.hikari.pool.HikariPool        : HikariPool-1 - Added connection org.mariadb.jdbc.Connection@422ab737
2025-04-21T16:59:55.831+09:00  INFO 1552 --- [kiosk] [           main] com.zaxxer.hikari.HikariDataSource       : HikariPool-1 - Start completed.
2025-04-21T16:59:55.890+09:00  INFO 1552 --- [kiosk] [           main] o.hibernate.jpa.internal.util.LogHelper  : HHH000204: Processing PersistenceUnitInfo [name: default]
2025-04-21T16:59:55.947+09:00  INFO 1552 --- [kiosk] [           main] org.hibernate.Version                    : HHH000412: Hibernate ORM core version 6.6.11.Final
2025-04-21T16:59:55.987+09:00  INFO 1552 --- [kiosk] [           main] o.h.c.internal.RegionFactoryInitiator    : HHH000026: Second-level cache disabled
2025-04-21T16:59:56.385+09:00  INFO 1552 --- [kiosk] [           main] o.s.o.j.p.SpringPersistenceUnitInfo      : No LoadTimeWeaver setup: ignoring JPA class transformer
2025-04-21T16:59:56.541+09:00  INFO 1552 --- [kiosk] [           main] org.hibernate.orm.connections.pooling    : HHH10001005: Database info:
	Database JDBC URL [Connecting through datasource 'HikariDataSource (HikariPool-1)']
	Database driver: undefined/unknown
	Database version: 11.7.2
	Autocommit mode: undefined/unknown
	Isolation level: undefined/unknown
	Minimum pool size: undefined/unknown
	Maximum pool size: undefined/unknown
2025-04-21T16:59:56.948+09:00  INFO 1552 --- [kiosk] [           main] o.h.e.t.j.p.i.JtaPlatformInitiator       : HHH000489: No JTA platform available (set 'hibernate.transaction.jta.platform' to enable JTA platform integration)
2025-04-21T16:59:56.955+09:00  INFO 1552 --- [kiosk] [           main] j.LocalContainerEntityManagerFactoryBean : Initialized JPA EntityManagerFactory for persistence unit 'default'
2025-04-21T16:59:57.568+09:00  WARN 1552 --- [kiosk] [           main] JpaBaseConfiguration$JpaWebConfiguration : spring.jpa.open-in-view is enabled by default. Therefore, database queries may be performed during view rendering. Explicitly configure spring.jpa.open-in-view to disable this warning
2025-04-21T16:59:58.204+09:00  INFO 1552 --- [kiosk] [           main] com.kiosk.KioskApplicationTests          : Started KioskApplicationTests in 4.619 seconds (process running for 5.797)
]]></system-out>
  </testcase>
</testsuite>